<?xml version="1.0" encoding="UTF-8"?>
<!-- Generated by org.testng.reporters.JUnitXMLReporter -->
<testsuite hostname="priyam" ignored="32" name="Test" tests="29" failures="8" timestamp="01 Jul 2021 11:17:54 GMT" time="590.285" errors="0">
  <testcase name="signin" time="33.318" classname="com.redbus.tests.SigninTest">
    <failure type="org.openqa.selenium.NoSuchElementException" message="no such element: Unable to locate element: {&amp;quot;method&amp;quot;:&amp;quot;xpath&amp;quot;,&amp;quot;selector&amp;quot;:&amp;quot;//body/div[6]/div[1]/div[2]/div[1]/div[1]/div[3]/iframe[1]&amp;quot;}
  (Session info: chrome=91.0.4472.114)
For documentation on this error, please visit: https://www.seleniumhq.org/exceptions/no_such_element.html
Build info: version: &amp;apos;3.141.59&amp;apos;, revision: &amp;apos;e82be7d358&amp;apos;, time: &amp;apos;2018-11-14T08:17:03&amp;apos;
System info: host: &amp;apos;PRIYAM&amp;apos;, ip: &amp;apos;192.168.0.102&amp;apos;, os.name: &amp;apos;Windows 10&amp;apos;, os.arch: &amp;apos;amd64&amp;apos;, os.version: &amp;apos;10.0&amp;apos;, java.version: &amp;apos;1.8.0_221&amp;apos;
Driver info: org.openqa.selenium.chrome.ChromeDriver
Capabilities {acceptInsecureCerts: false, browserName: chrome, browserVersion: 91.0.4472.114, chrome: {chromedriverVersion: 91.0.4472.101 (af52a90bf870..., userDataDir: C:\Users\priyam\AppData\Loc...}, goog:chromeOptions: {debuggerAddress: localhost:62824}, javascriptEnabled: true, networkConnectionEnabled: false, pageLoadStrategy: normal, platform: WINDOWS, platformName: WINDOWS, proxy: Proxy(), setWindowRect: true, strictFileInteractability: false, timeouts: {implicit: 0, pageLoad: 300000, script: 30000}, unhandledPromptBehavior: dismiss and notify, webauthn:extension:largeBlob: true, webauthn:virtualAuthenticators: true}
Session ID: 7a4216ce496adbb429f24950a13aa380
*** Element info: {Using=xpath, value=//body/div[6]/div[1]/div[2]/div[1]/div[1]/div[3]/iframe[1]}">
      <![CDATA[org.openqa.selenium.NoSuchElementException: no such element: Unable to locate element: {"method":"xpath","selector":"//body/div[6]/div[1]/div[2]/div[1]/div[1]/div[3]/iframe[1]"}
  (Session info: chrome=91.0.4472.114)
For documentation on this error, please visit: https://www.seleniumhq.org/exceptions/no_such_element.html
Build info: version: '3.141.59', revision: 'e82be7d358', time: '2018-11-14T08:17:03'
System info: host: 'PRIYAM', ip: '192.168.0.102', os.name: 'Windows 10', os.arch: 'amd64', os.version: '10.0', java.version: '1.8.0_221'
Driver info: org.openqa.selenium.chrome.ChromeDriver
Capabilities {acceptInsecureCerts: false, browserName: chrome, browserVersion: 91.0.4472.114, chrome: {chromedriverVersion: 91.0.4472.101 (af52a90bf870..., userDataDir: C:\Users\priyam\AppData\Loc...}, goog:chromeOptions: {debuggerAddress: localhost:62824}, javascriptEnabled: true, networkConnectionEnabled: false, pageLoadStrategy: normal, platform: WINDOWS, platformName: WINDOWS, proxy: Proxy(), setWindowRect: true, strictFileInteractability: false, timeouts: {implicit: 0, pageLoad: 300000, script: 30000}, unhandledPromptBehavior: dismiss and notify, webauthn:extension:largeBlob: true, webauthn:virtualAuthenticators: true}
Session ID: 7a4216ce496adbb429f24950a13aa380
*** Element info: {Using=xpath, value=//body/div[6]/div[1]/div[2]/div[1]/div[1]/div[3]/iframe[1]}
at org.openqa.selenium.remote.http.W3CHttpResponseCodec.createException(W3CHttpResponseCodec.java:187)
at org.openqa.selenium.remote.http.W3CHttpResponseCodec.decode(W3CHttpResponseCodec.java:122)
at org.openqa.selenium.remote.http.W3CHttpResponseCodec.decode(W3CHttpResponseCodec.java:49)
at org.openqa.selenium.remote.HttpCommandExecutor.execute(HttpCommandExecutor.java:158)
at org.openqa.selenium.remote.service.DriverCommandExecutor.execute(DriverCommandExecutor.java:83)
at org.openqa.selenium.remote.RemoteWebDriver.execute(RemoteWebDriver.java:552)
at org.openqa.selenium.remote.RemoteWebDriver.findElement(RemoteWebDriver.java:323)
at org.openqa.selenium.remote.RemoteWebDriver.findElementByXPath(RemoteWebDriver.java:428)
at org.openqa.selenium.By$ByXPath.findElement(By.java:353)
at org.openqa.selenium.remote.RemoteWebDriver.findElement(RemoteWebDriver.java:315)
at org.openqa.selenium.support.pagefactory.DefaultElementLocator.findElement(DefaultElementLocator.java:69)
at org.openqa.selenium.support.pagefactory.internal.LocatingElementHandler.invoke(LocatingElementHandler.java:38)
at com.sun.proxy.$Proxy11.click(Unknown Source)
at com.redbus.pages.SignInPage.closePopUp(SignInPage.java:48)
at com.redbus.tests.SigninTest.signin(SigninTest.java:31)
... Removed 29 stack frames]]>
    </failure>
  </testcase> <!-- signin -->
  <testcase name="TicketCancel" time="5.95" classname="com.redbus.tests.MangaingBookingCancelTicketTest"/>
  <testcase name="operatorRegistration" time="6.892" classname="com.redbus.tests.BusOperatorRegistrationTest">
    <failure type="java.lang.AssertionError" message="expected [redBus | Vendor Onboarding] but found []">
      <![CDATA[java.lang.AssertionError: expected [redBus | Vendor Onboarding] but found []
at com.redbus.tests.BusOperatorRegistrationTest.operatorRegistration(BusOperatorRegistrationTest.java:30)
... Removed 31 stack frames]]>
    </failure>
  </testcase> <!-- operatorRegistration -->
  <testcase name="open_Malaysia_Booking" time="13.385" classname="com.redbus.tests.GloballySitesBookingTest"/>
  <testcase name="open_colombia_Booking" time="12.073" classname="com.redbus.tests.GloballySitesBookingTest"/>
  <testcase name="open_indonesia_Booking" time="12.716" classname="com.redbus.tests.GloballySitesBookingTest"/>
  <testcase name="open_peru_Booking" time="12.674" classname="com.redbus.tests.GloballySitesBookingTest"/>
  <testcase name="open_singapore_Booking" time="11.031" classname="com.redbus.tests.GloballySitesBookingTest"/>
  <testcase name="BusHiringOutstation" time="6.316" classname="com.redbus.tests.TravellerBusHiringTest"/>
  <testcase name="careers" time="10.128" classname="com.redbus.tests.CareersTest"/>
  <testcase name="TravelDate" time="7.345" classname="com.redbus.tests.ManageBookingChangeTravelDateTest"/>
  <testcase name="offers" time="8.395" classname="com.redbus.tests.CheckOffersTest"/>
  <testcase name="Help" time="13.568" classname="com.redbus.tests.CustomerHelpsectionTest"/>
  <testcase name="all_bus_operators" time="5.395" classname="com.redbus.tests.BusAllOperatorsTest">
    <failure type="java.lang.AssertionError" message="expected [Find list of bus operators in India. Get more than 2000 bus operators information in redBus, India&amp;apos;s largest bus booking site.] but found [Find list of bus operators in India. Get more than 2000 bus operators information in redBus, India&amp;amp;#39;s largest bus booking site.]">
      <![CDATA[java.lang.AssertionError: expected [Find list of bus operators in India. Get more than 2000 bus operators information in redBus, India's largest bus booking site.] but found [Find list of bus operators in India. Get more than 2000 bus operators information in redBus, India&#39;s largest bus booking site.]
at com.redbus.tests.BusAllOperatorsTest.all_bus_operators(BusAllOperatorsTest.java:31)
... Removed 31 stack frames]]>
    </failure>
  </testcase> <!-- all_bus_operators -->
  <testcase name="agentRegistration" time="17.12" classname="com.redbus.tests.InfoSectionTest">
    <failure type="java.lang.AssertionError" message="expected [Seat Seller] but found [User Agreement -redBus.in]">
      <![CDATA[java.lang.AssertionError: expected [Seat Seller] but found [User Agreement -redBus.in]
at com.redbus.tests.InfoSectionTest.agentRegistration(InfoSectionTest.java:149)
... Removed 31 stack frames]]>
    </failure>
  </testcase> <!-- agentRegistration -->
  <testcase name="blogSection" time="19.107" classname="com.redbus.tests.InfoSectionTest"/>
  <testcase name="faqsection" time="5.157" classname="com.redbus.tests.InfoSectionTest"/>
  <testcase name="insuranceSection" time="10.032" classname="com.redbus.tests.InfoSectionTest"/>
  <testcase name="privacyPolicysection" time="4.087" classname="com.redbus.tests.InfoSectionTest">
    <failure type="java.lang.AssertionError" message="expected [] but found [https://www.redbus.in/info/privacypolicy]">
      <![CDATA[java.lang.AssertionError: expected [] but found [https://www.redbus.in/info/privacypolicy]
at com.redbus.tests.InfoSectionTest.privacyPolicysection(InfoSectionTest.java:50)
... Removed 31 stack frames]]>
    </failure>
  </testcase> <!-- privacyPolicysection -->
  <testcase name="termAndCondition" time="6.475" classname="com.redbus.tests.InfoSectionTest"/>
  <testcase name="userAgreementSection" time="6.684" classname="com.redbus.tests.InfoSectionTest"/>
  <testcase name="modifySearchLocation" time="16.183" classname="com.redbus.tests.ModifySearchBusLocationTest"/>
  <testcase name="ShowTicket" time="7.745" classname="com.redbus.tests.ManageBookingShowMyTicketTest"/>
  <testcase name="rPoolfunctionality" time="14.494" classname="com.redbus.tests.rPoolSectionTest"/>
  <testcase name="partnerWebsitesgoibibosite" time="0.51" classname="com.redbus.tests.RedbusPartnerwebsitesTest">
    <failure type="java.lang.IndexOutOfBoundsException" message="Index: 1, Size: 1">
      <![CDATA[java.lang.IndexOutOfBoundsException: Index: 1, Size: 1
at java.util.ArrayList.rangeCheck(ArrayList.java:657)
at java.util.ArrayList.get(ArrayList.java:433)
at com.redbus.pages.PartnerWebsitesPage.goToGoibiboSite(PartnerWebsitesPage.java:29)
at com.redbus.tests.RedbusPartnerwebsitesTest.partnerWebsitesgoibibosite(RedbusPartnerwebsitesTest.java:27)
... Removed 25 stack frames]]>
    </failure>
  </testcase> <!-- partnerWebsitesgoibibosite -->
  <testcase name="partnerWebsitesmakemytrip" time="1.757" classname="com.redbus.tests.RedbusPartnerwebsitesTest">
    <failure type="org.openqa.selenium.ElementClickInterceptedException" message="element click intercepted: Element &amp;lt;a href=&amp;quot;https://www.makemytrip.com/&amp;quot; target=&amp;quot;_blank&amp;quot;&amp;gt;...&amp;lt;/a&amp;gt; is not clickable at point (727, 558). Other element would receive the click: &amp;lt;div class=&amp;quot;clearfix promotion  main-body rest1 animate&amp;quot;&amp;gt;...&amp;lt;/div&amp;gt;
  (Session info: chrome=91.0.4472.114)
Build info: version: &amp;apos;3.141.59&amp;apos;, revision: &amp;apos;e82be7d358&amp;apos;, time: &amp;apos;2018-11-14T08:17:03&amp;apos;
System info: host: &amp;apos;PRIYAM&amp;apos;, ip: &amp;apos;192.168.0.102&amp;apos;, os.name: &amp;apos;Windows 10&amp;apos;, os.arch: &amp;apos;amd64&amp;apos;, os.version: &amp;apos;10.0&amp;apos;, java.version: &amp;apos;1.8.0_221&amp;apos;
Driver info: org.openqa.selenium.chrome.ChromeDriver
Capabilities {acceptInsecureCerts: false, browserName: chrome, browserVersion: 91.0.4472.114, chrome: {chromedriverVersion: 91.0.4472.101 (af52a90bf870..., userDataDir: C:\Users\priyam\AppData\Loc...}, goog:chromeOptions: {debuggerAddress: localhost:64704}, javascriptEnabled: true, networkConnectionEnabled: false, pageLoadStrategy: normal, platform: WINDOWS, platformName: WINDOWS, proxy: Proxy(), setWindowRect: true, strictFileInteractability: false, timeouts: {implicit: 0, pageLoad: 300000, script: 30000}, unhandledPromptBehavior: dismiss and notify, webauthn:extension:largeBlob: true, webauthn:virtualAuthenticators: true}
Session ID: cc776620006f7df96fb9eb060d91bd0c">
      <![CDATA[org.openqa.selenium.ElementClickInterceptedException: element click intercepted: Element <a href="https://www.makemytrip.com/" target="_blank">...</a> is not clickable at point (727, 558). Other element would receive the click: <div class="clearfix promotion  main-body rest1 animate">...</div>
  (Session info: chrome=91.0.4472.114)
Build info: version: '3.141.59', revision: 'e82be7d358', time: '2018-11-14T08:17:03'
System info: host: 'PRIYAM', ip: '192.168.0.102', os.name: 'Windows 10', os.arch: 'amd64', os.version: '10.0', java.version: '1.8.0_221'
Driver info: org.openqa.selenium.chrome.ChromeDriver
Capabilities {acceptInsecureCerts: false, browserName: chrome, browserVersion: 91.0.4472.114, chrome: {chromedriverVersion: 91.0.4472.101 (af52a90bf870..., userDataDir: C:\Users\priyam\AppData\Loc...}, goog:chromeOptions: {debuggerAddress: localhost:64704}, javascriptEnabled: true, networkConnectionEnabled: false, pageLoadStrategy: normal, platform: WINDOWS, platformName: WINDOWS, proxy: Proxy(), setWindowRect: true, strictFileInteractability: false, timeouts: {implicit: 0, pageLoad: 300000, script: 30000}, unhandledPromptBehavior: dismiss and notify, webauthn:extension:largeBlob: true, webauthn:virtualAuthenticators: true}
Session ID: cc776620006f7df96fb9eb060d91bd0c
at org.openqa.selenium.remote.http.W3CHttpResponseCodec.createException(W3CHttpResponseCodec.java:187)
at org.openqa.selenium.remote.http.W3CHttpResponseCodec.decode(W3CHttpResponseCodec.java:122)
at org.openqa.selenium.remote.http.W3CHttpResponseCodec.decode(W3CHttpResponseCodec.java:49)
at org.openqa.selenium.remote.HttpCommandExecutor.execute(HttpCommandExecutor.java:158)
at org.openqa.selenium.remote.service.DriverCommandExecutor.execute(DriverCommandExecutor.java:83)
at org.openqa.selenium.remote.RemoteWebDriver.execute(RemoteWebDriver.java:552)
at org.openqa.selenium.remote.RemoteWebElement.execute(RemoteWebElement.java:285)
at org.openqa.selenium.remote.RemoteWebElement.click(RemoteWebElement.java:84)
at org.openqa.selenium.support.pagefactory.internal.LocatingElementHandler.invoke(LocatingElementHandler.java:51)
at com.sun.proxy.$Proxy11.click(Unknown Source)
at com.redbus.pages.PartnerWebsitesPage.goToMakemytripSite(PartnerWebsitesPage.java:33)
at com.redbus.tests.RedbusPartnerwebsitesTest.partnerWebsitesmakemytrip(RedbusPartnerwebsitesTest.java:47)
... Removed 32 stack frames]]>
    </failure>
  </testcase> <!-- partnerWebsitesmakemytrip -->
  <testcase name="ValidsearchBus" time="19.37" classname="com.redbus.tests.SearchBusTest"/>
  <testcase name="ContactRedBus" time="22.986" classname="com.redbus.tests.ContactUsFunctionalityTest"/>
  <testcase name="invalidDestinationSearchBus" time="6.52" classname="com.redbus.tests.SearchBusTest">
    <failure type="java.lang.AssertionError" message="expected [Online Bus Tickets Booking: Book Bus Ticket and Bus Reservation -redBus India] but found [Search Bus Tickets]">
      <![CDATA[java.lang.AssertionError: expected [Online Bus Tickets Booking: Book Bus Ticket and Bus Reservation -redBus India] but found [Search Bus Tickets]
at com.redbus.tests.SearchBusTest.invalidDestinationSearchBus(SearchBusTest.java:69)
... Removed 31 stack frames]]>
    </failure>
  </testcase> <!-- invalidDestinationSearchBus -->
  <testcase name="@BeforeSuite setExtent" time="0.0" classname="com.redbus.tests.BaseTest">
    <ignored/>
  </testcase> <!-- @BeforeSuite setExtent -->
  <testcase name="@BeforeSuite setExtent" time="0.0" classname="com.redbus.tests.BaseTest">
    <ignored/>
  </testcase> <!-- @BeforeSuite setExtent -->
  <testcase name="@BeforeSuite setExtent" time="0.0" classname="com.redbus.tests.BaseTest">
    <ignored/>
  </testcase> <!-- @BeforeSuite setExtent -->
  <testcase name="@BeforeSuite setExtent" time="0.0" classname="com.redbus.tests.BaseTest">
    <ignored/>
  </testcase> <!-- @BeforeSuite setExtent -->
  <testcase name="@BeforeSuite setExtent" time="0.0" classname="com.redbus.tests.BaseTest">
    <ignored/>
  </testcase> <!-- @BeforeSuite setExtent -->
  <testcase name="@BeforeSuite setExtent" time="0.0" classname="com.redbus.tests.BaseTest">
    <ignored/>
  </testcase> <!-- @BeforeSuite setExtent -->
  <testcase name="@BeforeSuite setExtent" time="0.0" classname="com.redbus.tests.BaseTest">
    <ignored/>
  </testcase> <!-- @BeforeSuite setExtent -->
  <testcase name="@BeforeSuite setExtent" time="0.0" classname="com.redbus.tests.BaseTest">
    <ignored/>
  </testcase> <!-- @BeforeSuite setExtent -->
  <testcase name="@BeforeSuite setExtent" time="0.0" classname="com.redbus.tests.BaseTest">
    <ignored/>
  </testcase> <!-- @BeforeSuite setExtent -->
  <testcase name="@BeforeSuite setExtent" time="0.0" classname="com.redbus.tests.BaseTest">
    <ignored/>
  </testcase> <!-- @BeforeSuite setExtent -->
  <testcase name="@BeforeSuite setExtent" time="0.0" classname="com.redbus.tests.BaseTest">
    <ignored/>
  </testcase> <!-- @BeforeSuite setExtent -->
  <testcase name="@BeforeSuite setExtent" time="0.0" classname="com.redbus.tests.BaseTest">
    <ignored/>
  </testcase> <!-- @BeforeSuite setExtent -->
  <testcase name="@BeforeSuite setExtent" time="0.0" classname="com.redbus.tests.BaseTest">
    <ignored/>
  </testcase> <!-- @BeforeSuite setExtent -->
  <testcase name="@BeforeSuite setExtent" time="0.0" classname="com.redbus.tests.BaseTest">
    <ignored/>
  </testcase> <!-- @BeforeSuite setExtent -->
  <testcase name="@BeforeSuite setExtent" time="0.0" classname="com.redbus.tests.BaseTest">
    <ignored/>
  </testcase> <!-- @BeforeSuite setExtent -->
  <testcase name="@BeforeSuite setExtent" time="0.0" classname="com.redbus.tests.BaseTest">
    <ignored/>
  </testcase> <!-- @BeforeSuite setExtent -->
  <testcase name="@AfterSuite endReport" time="0.0" classname="com.redbus.tests.BaseTest">
    <ignored/>
  </testcase> <!-- @AfterSuite endReport -->
  <testcase name="@AfterSuite endReport" time="0.0" classname="com.redbus.tests.BaseTest">
    <ignored/>
  </testcase> <!-- @AfterSuite endReport -->
  <testcase name="@AfterSuite endReport" time="0.0" classname="com.redbus.tests.BaseTest">
    <ignored/>
  </testcase> <!-- @AfterSuite endReport -->
  <testcase name="@AfterSuite endReport" time="0.0" classname="com.redbus.tests.BaseTest">
    <ignored/>
  </testcase> <!-- @AfterSuite endReport -->
  <testcase name="@AfterSuite endReport" time="0.0" classname="com.redbus.tests.BaseTest">
    <ignored/>
  </testcase> <!-- @AfterSuite endReport -->
  <testcase name="@AfterSuite endReport" time="0.0" classname="com.redbus.tests.BaseTest">
    <ignored/>
  </testcase> <!-- @AfterSuite endReport -->
  <testcase name="@AfterSuite endReport" time="0.0" classname="com.redbus.tests.BaseTest">
    <ignored/>
  </testcase> <!-- @AfterSuite endReport -->
  <testcase name="@AfterSuite endReport" time="0.0" classname="com.redbus.tests.BaseTest">
    <ignored/>
  </testcase> <!-- @AfterSuite endReport -->
  <testcase name="@AfterSuite endReport" time="0.0" classname="com.redbus.tests.BaseTest">
    <ignored/>
  </testcase> <!-- @AfterSuite endReport -->
  <testcase name="@AfterSuite endReport" time="0.0" classname="com.redbus.tests.BaseTest">
    <ignored/>
  </testcase> <!-- @AfterSuite endReport -->
  <testcase name="@AfterSuite endReport" time="0.0" classname="com.redbus.tests.BaseTest">
    <ignored/>
  </testcase> <!-- @AfterSuite endReport -->
  <testcase name="@AfterSuite endReport" time="0.0" classname="com.redbus.tests.BaseTest">
    <ignored/>
  </testcase> <!-- @AfterSuite endReport -->
  <testcase name="@AfterSuite endReport" time="0.0" classname="com.redbus.tests.BaseTest">
    <ignored/>
  </testcase> <!-- @AfterSuite endReport -->
  <testcase name="@AfterSuite endReport" time="0.0" classname="com.redbus.tests.BaseTest">
    <ignored/>
  </testcase> <!-- @AfterSuite endReport -->
  <testcase name="@AfterSuite endReport" time="0.0" classname="com.redbus.tests.BaseTest">
    <ignored/>
  </testcase> <!-- @AfterSuite endReport -->
  <testcase name="@AfterSuite endReport" time="0.0" classname="com.redbus.tests.BaseTest">
    <ignored/>
  </testcase> <!-- @AfterSuite endReport -->
</testsuite> <!-- Test -->
